<?xml version="1.0" encoding="UTF-8"?>
<!-- Generated by org.testng.reporters.JUnitReportReporter -->
<testsuite skipped="0" hostname="DESKTOP-TOFD6V5" name="com.maven.MavenTest" tests="1" failures="0" timestamp="02 Dec 2018 17:09:12 GMT" time="0.049" errors="0">
  <testcase name="hello" time="0.049" classname="com.maven.MavenTest"/>
</testsuite> <!-- com.maven.MavenTest -->
